0 info it worked if it ends with ok
1 verbose cli [ 'C:\\Program Files\\nodejs\\node.exe',
1 verbose cli   'C:\\Program Files\\nodejs\\node_modules\\npm\\bin\\npm-cli.js',
1 verbose cli   'run',
1 verbose cli   'build' ]
2 info using npm@3.10.10
3 info using node@v6.10.1
4 verbose run-script [ 'prebuild', 'build', 'postbuild' ]
5 info lifecycle confusion@1.0.0~prebuild: confusion@1.0.0
6 silly lifecycle confusion@1.0.0~prebuild: no script for prebuild, continuing
7 info lifecycle confusion@1.0.0~build: confusion@1.0.0
8 verbose lifecycle confusion@1.0.0~build: unsafe-perm in lifecycle true
9 verbose lifecycle confusion@1.0.0~build: PATH: C:\Program Files\nodejs\node_modules\npm\bin\node-gyp-bin;C:\webCode\CourseraFullStackAngular2\FullStackAngularApp-Bootstrap4\conFusion\node_modules\.bin;C:\Program Files\Docker\Docker\Resources\bin;C:\Program Files (x86)\Common Files\Intel\Shared Libraries\redist\intel64\compiler;C:\ProgramData\Oracle\Java\javapath;C:\Program Files (x86)\Intel\iCLS Client\;C:\Program Files\Intel\iCLS Client\;C:\Windows\system32;C:\Windows;C:\Windows\System32\Wbem;C:\Windows\System32\WindowsPowerShell\v1.0\;C:\Program Files (x86)\Intel\Intel(R) Management Engine Components\DAL;C:\Program Files\Intel\Intel(R) Management Engine Components\DAL;C:\Program Files (x86)\Intel\Intel(R) Management Engine Components\IPT;C:\Program Files\Intel\Intel(R) Management Engine Components\IPT;C:\Program Files (x86)\NVIDIA Corporation\PhysX\Common;C:\Program Files\Git\cmd;C:\Program Files\Git\mingw64\bin;C:\Program Files\Git\usr\bin;C:\Program Files\IBM\Bluemix\bin;C:\Program Files (x86)\CloudFoundry;C:\WINDOWS\system32\config\systemprofile\.dnx\bin;C:\Program Files\Microsoft DNX\Dnvm\;C:\Program Files\Microsoft SQL Server\130\Tools\Binn\;C:\Program Files (x86)\Windows Kits\8.1\Windows Performance Toolkit\;C:\Program Files (x86)\GtkSharp\2.12\bin;C:\WINDOWS\system32;C:\WINDOWS;C:\WINDOWS\System32\Wbem;C:\WINDOWS\System32\WindowsPowerShell\v1.0\;C:\Program Files\nodejs\;C:\Program Files\Amazon\AWSCLI\;C:\Users\wsisson\AppData\Local\Programs\Python\Python36\Scripts\;C:\Users\wsisson\AppData\Local\Programs\Python\Python36\;C:\Program Files\MongoDB\Server\3.2\bin;C:\Users\wsisson\AppData\Local\Microsoft\WindowsApps;C:\Users\wsisson\AppData\Roaming\npm;C:\Program Files\Microsoft VS Code\bin;C:\Program Files\Docker\Docker
10 verbose lifecycle confusion@1.0.0~build: CWD: C:\webCode\CourseraFullStackAngular2\FullStackAngularApp-Bootstrap4\conFusion
11 silly lifecycle confusion@1.0.0~build: Args: [ '/d /s /c',
11 silly lifecycle   'npm run clean && npm run imagemin && npm run copyfonts && npm run usemin' ]
12 silly lifecycle confusion@1.0.0~build: Returned: code: 1  signal: null
13 info lifecycle confusion@1.0.0~build: Failed to exec build script
14 verbose stack Error: confusion@1.0.0 build: `npm run clean && npm run imagemin && npm run copyfonts && npm run usemin`
14 verbose stack Exit status 1
14 verbose stack     at EventEmitter.<anonymous> (C:\Program Files\nodejs\node_modules\npm\lib\utils\lifecycle.js:255:16)
14 verbose stack     at emitTwo (events.js:106:13)
14 verbose stack     at EventEmitter.emit (events.js:191:7)
14 verbose stack     at ChildProcess.<anonymous> (C:\Program Files\nodejs\node_modules\npm\lib\utils\spawn.js:40:14)
14 verbose stack     at emitTwo (events.js:106:13)
14 verbose stack     at ChildProcess.emit (events.js:191:7)
14 verbose stack     at maybeClose (internal/child_process.js:886:16)
14 verbose stack     at Process.ChildProcess._handle.onexit (internal/child_process.js:226:5)
15 verbose pkgid confusion@1.0.0
16 verbose cwd C:\webCode\CourseraFullStackAngular2\FullStackAngularApp-Bootstrap4\conFusion
17 error Windows_NT 10.0.14393
18 error argv "C:\\Program Files\\nodejs\\node.exe" "C:\\Program Files\\nodejs\\node_modules\\npm\\bin\\npm-cli.js" "run" "build"
19 error node v6.10.1
20 error npm  v3.10.10
21 error code ELIFECYCLE
22 error confusion@1.0.0 build: `npm run clean && npm run imagemin && npm run copyfonts && npm run usemin`
22 error Exit status 1
23 error Failed at the confusion@1.0.0 build script 'npm run clean && npm run imagemin && npm run copyfonts && npm run usemin'.
23 error Make sure you have the latest version of node.js and npm installed.
23 error If you do, this is most likely a problem with the confusion package,
23 error not with npm itself.
23 error Tell the author that this fails on your system:
23 error     npm run clean && npm run imagemin && npm run copyfonts && npm run usemin
23 error You can get information on how to open an issue for this project with:
23 error     npm bugs confusion
23 error Or if that isn't available, you can get their info via:
23 error     npm owner ls confusion
23 error There is likely additional logging output above.
24 verbose exit [ 1, true ]
